2025-04-04 11:47:34.321725 - Received CBT.V508.FILE560.PDS from FILE560.XMI 
2025-04-04 11:47:34.343262 - Found $$$#DATE.txt (text/plain) in CBT.V508.FILE560.PDS, moved to PDS/$$$#DATE
2025-04-04 11:47:34.343657 - Found $$NOTEXX.eml (message/rfc822) in CBT.V508.FILE560.PDS, moved to PDS/$$NOTEXX
2025-04-04 11:47:34.343952 - Found $$README.txt (text/plain) in CBT.V508.FILE560.PDS, moved to PDS/$$README
2025-04-04 11:47:34.344132 - Found $COMMAND.jcl (text/plain) in CBT.V508.FILE560.PDS, moved to PDS/$COMMAND
2025-04-04 11:47:34.344303 - Found $FILES.txt (text/plain) in CBT.V508.FILE560.PDS, moved to PDS/$FILES
2025-04-04 11:47:34.345355 - Found @FILE560.txt (text/plain) in CBT.V508.FILE560.PDS, moved to PDS/@FILE560
2025-04-04 11:47:34.345980 - Found ABAL.jcl (text/plain) in CBT.V508.FILE560.PDS, moved to PDS/ABAL
2025-04-04 11:47:34.346217 - Found ABALC.jcl (text/plain) in CBT.V508.FILE560.PDS, moved to PDS/ABALC
2025-04-04 11:47:34.346550 - Found ABEND.jcl (text/plain) in CBT.V508.FILE560.PDS, moved to PDS/ABEND
2025-04-04 11:47:34.346709 - Found ABENDJOB.jcl (text/plain) in CBT.V508.FILE560.PDS, moved to PDS/ABENDJOB
2025-04-04 11:47:34.346884 - Found ABENDMAC.jcl (text/plain) in CBT.V508.FILE560.PDS, moved to PDS/ABENDMAC
2025-04-04 11:47:34.347030 - Found ABEND878.jcl (text/plain) in CBT.V508.FILE560.PDS, moved to PDS/ABEND878
2025-04-04 11:47:34.347185 - Found ABNLTRM.jcl (text/plain) in CBT.V508.FILE560.PDS, moved to PDS/ABNLTRM
2025-04-04 11:47:34.347340 - Found ALIAS.jcl (text/plain) in CBT.V508.FILE560.PDS, moved to PDS/ALIAS
2025-04-04 11:47:34.347521 - Found ALIASDEF.jcl (text/plain) in CBT.V508.FILE560.PDS, moved to PDS/ALIASDEF
2025-04-04 11:47:34.347684 - Found ALIASES.jcl (text/plain) in CBT.V508.FILE560.PDS, moved to PDS/ALIASES
2025-04-04 11:47:34.347815 - Found ALIAS2.jcl (text/plain) in CBT.V508.FILE560.PDS, moved to PDS/ALIAS2
2025-04-04 11:47:34.348001 - Found ALLDSNS.jcl (text/plain) in CBT.V508.FILE560.PDS, moved to PDS/ALLDSNS
2025-04-04 11:47:34.348578 - Found ALLDSNS0.jcl (text/plain) in CBT.V508.FILE560.PDS, moved to PDS/ALLDSNS0
2025-04-04 11:47:34.348717 - Found AMBLIST.jcl (text/plain) in CBT.V508.FILE560.PDS, moved to PDS/AMBLIST
2025-04-04 11:47:34.348873 - Found ARCHVDMP.jcl (text/plain) in CBT.V508.FILE560.PDS, moved to PDS/ARCHVDMP
2025-04-04 11:47:34.349003 - Found ASCBLIST.jcl (text/plain) in CBT.V508.FILE560.PDS, moved to PDS/ASCBLIST
2025-04-04 11:47:34.349177 - Found ASCBXPND.jcl (text/plain) in CBT.V508.FILE560.PDS, moved to PDS/ASCBXPND
2025-04-04 11:47:34.349353 - Found ASC2EBCD.jcl (text/plain) in CBT.V508.FILE560.PDS, moved to PDS/ASC2EBCD
2025-04-04 11:47:34.349630 - Found ASMACL.jcl (text/plain) in CBT.V508.FILE560.PDS, moved to PDS/ASMACL
2025-04-04 11:47:34.350311 - Found ASMCHIPS.jcl (text/plain) in CBT.V508.FILE560.PDS, moved to PDS/ASMCHIPS
2025-04-04 11:47:34.350500 - Found ASMCICS.jcl (text/plain) in CBT.V508.FILE560.PDS, moved to PDS/ASMCICS
2025-04-04 11:47:34.350681 - Found ASMCMPLK.jcl (text/plain) in CBT.V508.FILE560.PDS, moved to PDS/ASMCMPLK
2025-04-04 11:47:34.350824 - Found ASMDASM.jcl (text/plain) in CBT.V508.FILE560.PDS, moved to PDS/ASMDASM
2025-04-04 11:47:34.351003 - Found ASMHIBM.jcl (text/plain) in CBT.V508.FILE560.PDS, moved to PDS/ASMHIBM
2025-04-04 11:47:34.351175 - Found ASMLKED.txt (text/plain) in CBT.V508.FILE560.PDS, moved to PDS/ASMLKED
2025-04-04 11:47:34.351299 - Found ASMMAIN.jcl (text/plain) in CBT.V508.FILE560.PDS, moved to PDS/ASMMAIN
2025-04-04 11:47:34.351446 - Found ASMRP01.jcl (text/plain) in CBT.V508.FILE560.PDS, moved to PDS/ASMRP01
2025-04-04 11:47:34.351616 - Found ASMSUBS.jcl (text/plain) in CBT.V508.FILE560.PDS, moved to PDS/ASMSUBS
2025-04-04 11:47:34.351790 - Found ASMWUCHA.jcl (text/plain) in CBT.V508.FILE560.PDS, moved to PDS/ASMWUCHA
2025-04-04 11:47:34.352116 - Found ASMXP61.jcl (text/plain) in CBT.V508.FILE560.PDS, moved to PDS/ASMXP61
2025-04-04 11:47:34.353528 - Found ASMXP66.jcl (text/plain) in CBT.V508.FILE560.PDS, moved to PDS/ASMXP66
2025-04-04 11:47:34.354156 - Found ASMXP66E.jcl (text/plain) in CBT.V508.FILE560.PDS, moved to PDS/ASMXP66E
2025-04-04 11:47:34.355081 - Found ASMXP66H.jcl (text/plain) in CBT.V508.FILE560.PDS, moved to PDS/ASMXP66H
2025-04-04 11:47:34.355271 - Found ASMZAP.jcl (text/plain) in CBT.V508.FILE560.PDS, moved to PDS/ASMZAP
2025-04-04 11:47:34.355512 - Found ASVTXPND.jcl (text/plain) in CBT.V508.FILE560.PDS, moved to PDS/ASVTXPND
2025-04-04 11:47:34.355695 - Found BACKEDIT.jcl (text/plain) in CBT.V508.FILE560.PDS, moved to PDS/BACKEDIT
2025-04-04 11:47:34.355835 - Found BAGETE.jcl (text/plain) in CBT.V508.FILE560.PDS, moved to PDS/BAGETE
2025-04-04 11:47:34.356025 - Found BATCHEDT.jcl (text/plain) in CBT.V508.FILE560.PDS, moved to PDS/BATCHEDT
2025-04-04 11:47:34.356170 - Found BCBSEXTR.jcl (text/plain) in CBT.V508.FILE560.PDS, moved to PDS/BCBSEXTR
2025-04-04 11:47:34.356322 - Found BCBSEXT2.jcl (text/plain) in CBT.V508.FILE560.PDS, moved to PDS/BCBSEXT2
2025-04-04 11:47:34.356459 - Found BCBSEXT3.jcl (text/plain) in CBT.V508.FILE560.PDS, moved to PDS/BCBSEXT3
2025-04-04 11:47:34.356590 - Found BC1JRPTS.jcl (text/plain) in CBT.V508.FILE560.PDS, moved to PDS/BC1JRPTS
2025-04-04 11:47:34.356753 - Found BIND.jcl (text/plain) in CBT.V508.FILE560.PDS, moved to PDS/BIND
2025-04-04 11:47:34.356897 - Found BLDCNTL.jcl (text/plain) in CBT.V508.FILE560.PDS, moved to PDS/BLDCNTL
2025-04-04 11:47:34.357313 - Found BLDFUNCD.jcl (text/plain) in CBT.V508.FILE560.PDS, moved to PDS/BLDFUNCD
2025-04-04 11:47:34.357486 - Found BLDTBL.jcl (text/plain) in CBT.V508.FILE560.PDS, moved to PDS/BLDTBL
2025-04-04 11:47:34.357650 - Found CALLABDP.jcl (text/plain) in CBT.V508.FILE560.PDS, moved to PDS/CALLABDP
2025-04-04 11:47:34.357798 - Found CALLABOV.jcl (text/plain) in CBT.V508.FILE560.PDS, moved to PDS/CALLABOV
2025-04-04 11:47:34.357959 - Found CALLCBND.jcl (text/plain) in CBT.V508.FILE560.PDS, moved to PDS/CALLCBND
2025-04-04 11:47:34.358333 - Found CALLCPGM.jcl (text/plain) in CBT.V508.FILE560.PDS, moved to PDS/CALLCPGM
2025-04-04 11:47:34.358463 - Found CALLDTIN.jcl (text/plain) in CBT.V508.FILE560.PDS, moved to PDS/CALLDTIN
2025-04-04 11:47:34.358612 - Found CALLFILE.jcl (text/plain) in CBT.V508.FILE560.PDS, moved to PDS/CALLFILE
2025-04-04 11:47:34.358749 - Found CALLGJBN.jcl (text/plain) in CBT.V508.FILE560.PDS, moved to PDS/CALLGJBN
2025-04-04 11:47:34.358894 - Found CALLGND2.jcl (text/plain) in CBT.V508.FILE560.PDS, moved to PDS/CALLGND2
2025-04-04 11:47:34.359014 - Found CALLGTVM.jcl (text/plain) in CBT.V508.FILE560.PDS, moved to PDS/CALLGTVM
2025-04-04 11:47:34.359139 - Found CALLGTV0.jcl (text/plain) in CBT.V508.FILE560.PDS, moved to PDS/CALLGTV0
2025-04-04 11:47:34.359267 - Found CALLORIG.jcl (text/plain) in CBT.V508.FILE560.PDS, moved to PDS/CALLORIG
2025-04-04 11:47:34.359386 - Found CALLPDSR.jcl (text/plain) in CBT.V508.FILE560.PDS, moved to PDS/CALLPDSR
2025-04-04 11:47:34.359508 - Found CALLQIO1.jcl (text/plain) in CBT.V508.FILE560.PDS, moved to PDS/CALLQIO1
2025-04-04 11:47:34.359635 - Found CALLQIO2.jcl (text/plain) in CBT.V508.FILE560.PDS, moved to PDS/CALLQIO2
2025-04-04 11:47:34.359748 - Found CALLRDLM.jcl (text/plain) in CBT.V508.FILE560.PDS, moved to PDS/CALLRDLM
2025-04-04 11:47:34.359898 - Found CALLRNMF.jcl (text/plain) in CBT.V508.FILE560.PDS, moved to PDS/CALLRNMF
2025-04-04 11:47:34.360020 - Found CALLVOLS.jcl (text/plain) in CBT.V508.FILE560.PDS, moved to PDS/CALLVOLS
2025-04-04 11:47:34.360170 - Found CALLWTO.jcl (text/plain) in CBT.V508.FILE560.PDS, moved to PDS/CALLWTO
2025-04-04 11:47:34.360299 - Found CALL095.jcl (text/plain) in CBT.V508.FILE560.PDS, moved to PDS/CALL095
2025-04-04 11:47:34.360496 - Found CALL095C.jcl (text/plain) in CBT.V508.FILE560.PDS, moved to PDS/CALL095C
2025-04-04 11:47:34.360626 - Found CAMLST.jcl (text/plain) in CBT.V508.FILE560.PDS, moved to PDS/CAMLST
2025-04-04 11:47:34.360780 - Found CAPACITR.jcl (text/plain) in CBT.V508.FILE560.PDS, moved to PDS/CAPACITR
2025-04-04 11:47:34.361199 - Found CATALOGD.jcl (text/plain) in CBT.V508.FILE560.PDS, moved to PDS/CATALOGD
2025-04-04 11:47:34.361626 - Found CATLGLST.jcl (text/plain) in CBT.V508.FILE560.PDS, moved to PDS/CATLGLST
2025-04-04 11:47:34.361879 - Found CATLIST.jcl (text/plain) in CBT.V508.FILE560.PDS, moved to PDS/CATLIST
2025-04-04 11:47:34.362060 - Found CA7EXPRT.jcl (text/plain) in CBT.V508.FILE560.PDS, moved to PDS/CA7EXPRT
2025-04-04 11:47:34.362445 - Found CA7IMPRT.jcl (text/plain) in CBT.V508.FILE560.PDS, moved to PDS/CA7IMPRT
2025-04-04 11:47:34.362887 - Found CA7SEND.jcl (text/plain) in CBT.V508.FILE560.PDS, moved to PDS/CA7SEND
2025-04-04 11:47:34.363110 - Found CA7SMPE.txt (text/plain) in CBT.V508.FILE560.PDS, moved to PDS/CA7SMPE
2025-04-04 11:47:34.363275 - Found CA90RENM.jcl (text/plain) in CBT.V508.FILE560.PDS, moved to PDS/CA90RENM
2025-04-04 11:47:34.363426 - Found CBC3GDC4.jcl (text/plain) in CBT.V508.FILE560.PDS, moved to PDS/CBC3GDC4
2025-04-04 11:47:34.363593 - Found CBL2TRAC.jcl (text/plain) in CBT.V508.FILE560.PDS, moved to PDS/CBL2TRAC
2025-04-04 11:47:34.363727 - Found CCOMP.txt (text/plain) in CBT.V508.FILE560.PDS, moved to PDS/CCOMP
2025-04-04 11:47:34.363846 - Found CDEEXPND.jcl (text/plain) in CBT.V508.FILE560.PDS, moved to PDS/CDEEXPND
2025-04-04 11:47:34.363963 - Found CHECKVBS.jcl (text/plain) in CBT.V508.FILE560.PDS, moved to PDS/CHECKVBS
2025-04-04 11:47:34.364094 - Found CHGJOBCD.jcl (text/plain) in CBT.V508.FILE560.PDS, moved to PDS/CHGJOBCD
2025-04-04 11:47:34.364222 - Found CHKNOLIM.jcl (text/plain) in CBT.V508.FILE560.PDS, moved to PDS/CHKNOLIM
2025-04-04 11:47:34.364341 - Found CHKPARMS.jcl (text/plain) in CBT.V508.FILE560.PDS, moved to PDS/CHKPARMS
2025-04-04 11:47:34.364460 - Found CHKVOLS.jcl (text/plain) in CBT.V508.FILE560.PDS, moved to PDS/CHKVOLS
2025-04-04 11:47:34.364575 - Found CHRDUMP.jcl (text/plain) in CBT.V508.FILE560.PDS, moved to PDS/CHRDUMP
2025-04-04 11:47:34.364699 - Found CICSCMDS.jcl (text/plain) in CBT.V508.FILE560.PDS, moved to PDS/CICSCMDS
2025-04-04 11:47:34.364843 - Found CICSCMND.jcl (text/plain) in CBT.V508.FILE560.PDS, moved to PDS/CICSCMND
2025-04-04 11:47:34.365134 - Found CICSJOIN.jcl (text/plain) in CBT.V508.FILE560.PDS, moved to PDS/CICSJOIN
2025-04-04 11:47:34.365263 - Found CICSRGNS.jcl (text/plain) in CBT.V508.FILE560.PDS, moved to PDS/CICSRGNS
2025-04-04 11:47:34.365403 - Found CICSSCAN.jcl (text/plain) in CBT.V508.FILE560.PDS, moved to PDS/CICSSCAN
2025-04-04 11:47:34.365555 - Found CIRCLE.jcl (text/plain) in CBT.V508.FILE560.PDS, moved to PDS/CIRCLE
2025-04-04 11:47:34.365677 - Found CLMAIN.jcl (text/plain) in CBT.V508.FILE560.PDS, moved to PDS/CLMAIN
2025-04-04 11:47:34.365816 - Found CLNDEPIP.jcl (text/plain) in CBT.V508.FILE560.PDS, moved to PDS/CLNDEPIP
2025-04-04 11:47:34.365926 - Found CLNDEPI0.jcl (text/plain) in CBT.V508.FILE560.PDS, moved to PDS/CLNDEPI0
2025-04-04 11:47:34.366044 - Found CLONEMEM.jcl (text/plain) in CBT.V508.FILE560.PDS, moved to PDS/CLONEMEM
2025-04-04 11:47:34.366176 - Found CLONEPDS.jcl (text/plain) in CBT.V508.FILE560.PDS, moved to PDS/CLONEPDS
2025-04-04 11:47:34.366309 - Found CLONXPED.jcl (text/plain) in CBT.V508.FILE560.PDS, moved to PDS/CLONXPED
2025-04-04 11:47:34.366431 - Found CLSTCLR.jcl (text/plain) in CBT.V508.FILE560.PDS, moved to PDS/CLSTCLR
2025-04-04 11:47:34.366559 - Found CLSUBR.jcl (text/plain) in CBT.V508.FILE560.PDS, moved to PDS/CLSUBR
2025-04-04 11:47:34.367030 - Found CL3MAIN.jcl (text/plain) in CBT.V508.FILE560.PDS, moved to PDS/CL3MAIN
2025-04-04 11:47:34.367163 - Found CMPRDIR.jcl (text/plain) in CBT.V508.FILE560.PDS, moved to PDS/CMPRDIR
2025-04-04 11:47:34.367304 - Found CMPRFILE.jcl (text/plain) in CBT.V508.FILE560.PDS, moved to PDS/CMPRFILE
2025-04-04 11:47:34.367439 - Found CMTMAINT.jcl (text/plain) in CBT.V508.FILE560.PDS, moved to PDS/CMTMAINT
2025-04-04 11:47:34.367719 - Found COBDECML.jcl (text/plain) in CBT.V508.FILE560.PDS, moved to PDS/COBDECML
2025-04-04 11:47:34.367891 - Found COBIBM.jcl (text/plain) in CBT.V508.FILE560.PDS, moved to PDS/COBIBM
2025-04-04 11:47:34.368046 - Found COBLJCL.jcl (text/plain) in CBT.V508.FILE560.PDS, moved to PDS/COBLJCL
2025-04-04 11:47:34.368273 - Found COBLRUN.jcl (text/plain) in CBT.V508.FILE560.PDS, moved to PDS/COBLRUN
2025-04-04 11:47:34.368460 - Found COBLSETY.jcl (text/plain) in CBT.V508.FILE560.PDS, moved to PDS/COBLSETY
2025-04-04 11:47:34.368834 - Found COBLSORT.jcl (text/plain) in CBT.V508.FILE560.PDS, moved to PDS/COBLSORT
2025-04-04 11:47:34.368974 - Found COBLSUBR.jcl (text/plain) in CBT.V508.FILE560.PDS, moved to PDS/COBLSUBR
2025-04-04 11:47:34.369138 - Found COBLTYPE.jcl (text/plain) in CBT.V508.FILE560.PDS, moved to PDS/COBLTYPE
2025-04-04 11:47:34.369278 - Found COBLTYP1.jcl (text/plain) in CBT.V508.FILE560.PDS, moved to PDS/COBLTYP1
2025-04-04 11:47:34.369958 - Found COBLTYP2.jcl (text/plain) in CBT.V508.FILE560.PDS, moved to PDS/COBLTYP2
2025-04-04 11:47:34.370226 - Found COBOL2.jcl (text/plain) in CBT.V508.FILE560.PDS, moved to PDS/COBOL2
2025-04-04 11:47:34.370368 - Found COBOL24.jcl (text/plain) in CBT.V508.FILE560.PDS, moved to PDS/COBOL24
2025-04-04 11:47:34.370496 - Found COBONLY.jcl (text/plain) in CBT.V508.FILE560.PDS, moved to PDS/COBONLY
2025-04-04 11:47:34.370630 - Found COBRDLST.jcl (text/plain) in CBT.V508.FILE560.PDS, moved to PDS/COBRDLST
2025-04-04 11:47:34.370771 - Found COBREAD.jcl (text/plain) in CBT.V508.FILE560.PDS, moved to PDS/COBREAD
2025-04-04 11:47:34.370903 - Found COBREAD1.jcl (text/plain) in CBT.V508.FILE560.PDS, moved to PDS/COBREAD1
2025-04-04 11:47:34.371252 - Found COBSUBEM.jcl (text/plain) in CBT.V508.FILE560.PDS, moved to PDS/COBSUBEM
2025-04-04 11:47:34.371388 - Found COBVLKED.txt (text/plain) in CBT.V508.FILE560.PDS, moved to PDS/COBVLKED
2025-04-04 11:47:34.371546 - Found COBVMAIN.jcl (text/plain) in CBT.V508.FILE560.PDS, moved to PDS/COBVMAIN
2025-04-04 11:47:34.371666 - Found COBVXP61.jcl (text/plain) in CBT.V508.FILE560.PDS, moved to PDS/COBVXP61
2025-04-04 11:47:34.371789 - Found COBVXP66.jcl (text/plain) in CBT.V508.FILE560.PDS, moved to PDS/COBVXP66
2025-04-04 11:47:34.371930 - Found COB2ASM.jcl (text/plain) in CBT.V508.FILE560.PDS, moved to PDS/COB2ASM
2025-04-04 11:47:34.372071 - Found COB2DB2.jcl (text/plain) in CBT.V508.FILE560.PDS, moved to PDS/COB2DB2
2025-04-04 11:47:34.372200 - Found COB2DSPA.jcl (text/plain) in CBT.V508.FILE560.PDS, moved to PDS/COB2DSPA
2025-04-04 11:47:34.372334 - Found COB2DSPL.jcl (text/plain) in CBT.V508.FILE560.PDS, moved to PDS/COB2DSPL
2025-04-04 11:47:34.372456 - Found COB2LKED.txt (text/plain) in CBT.V508.FILE560.PDS, moved to PDS/COB2LKED
2025-04-04 11:47:34.372586 - Found COB2LKNO.txt (text/plain) in CBT.V508.FILE560.PDS, moved to PDS/COB2LKNO
2025-04-04 11:47:34.373220 - Found COB2MAIN.jcl (text/plain) in CBT.V508.FILE560.PDS, moved to PDS/COB2MAIN
2025-04-04 11:47:34.373390 - Found COB2ORIG.jcl (text/plain) in CBT.V508.FILE560.PDS, moved to PDS/COB2ORIG
2025-04-04 11:47:34.373521 - Found COB2RAND.jcl (text/plain) in CBT.V508.FILE560.PDS, moved to PDS/COB2RAND
2025-04-04 11:47:34.373644 - Found COB2RNMF.jcl (text/plain) in CBT.V508.FILE560.PDS, moved to PDS/COB2RNMF
2025-04-04 11:47:34.374118 - Found COB2SYSA.jcl (text/plain) in CBT.V508.FILE560.PDS, moved to PDS/COB2SYSA
2025-04-04 11:47:34.374273 - Found COB2SYSB.jcl (text/plain) in CBT.V508.FILE560.PDS, moved to PDS/COB2SYSB
2025-04-04 11:47:34.374399 - Found COB2XP66.jcl (text/plain) in CBT.V508.FILE560.PDS, moved to PDS/COB2XP66
2025-04-04 11:47:34.374522 - Found COB2000.jcl (text/plain) in CBT.V508.FILE560.PDS, moved to PDS/COB2000
2025-04-04 11:47:34.374690 - Found COB3IBM.jcl (text/plain) in CBT.V508.FILE560.PDS, moved to PDS/COB3IBM
2025-04-04 11:47:34.374836 - Found COB3MAIN.jcl (text/plain) in CBT.V508.FILE560.PDS, moved to PDS/COB3MAIN
2025-04-04 11:47:34.374966 - Found COB3XP66.jcl (text/plain) in CBT.V508.FILE560.PDS, moved to PDS/COB3XP66
2025-04-04 11:47:34.375085 - Found COB390.jcl (text/plain) in CBT.V508.FILE560.PDS, moved to PDS/COB390
2025-04-04 11:47:34.375203 - Found COMPARE.jcl (text/plain) in CBT.V508.FILE560.PDS, moved to PDS/COMPARE
2025-04-04 11:47:34.375316 - Found COMPAREX.jcl (text/plain) in CBT.V508.FILE560.PDS, moved to PDS/COMPAREX
2025-04-04 11:47:34.375431 - Found COMPASM.jcl (text/plain) in CBT.V508.FILE560.PDS, moved to PDS/COMPASM
2025-04-04 11:47:34.375548 - Found COMPRESS.jcl (text/plain) in CBT.V508.FILE560.PDS, moved to PDS/COMPRESS
2025-04-04 11:47:34.375660 - Found COPY.jcl (text/plain) in CBT.V508.FILE560.PDS, moved to PDS/COPY
2025-04-04 11:47:34.375772 - Found COPYDASD.jcl (text/plain) in CBT.V508.FILE560.PDS, moved to PDS/COPYDASD
2025-04-04 11:47:34.375884 - Found COPYDUMP.jcl (text/plain) in CBT.V508.FILE560.PDS, moved to PDS/COPYDUMP
2025-04-04 11:47:34.376006 - Found COPYGBRG.jcl (text/plain) in CBT.V508.FILE560.PDS, moved to PDS/COPYGBRG
2025-04-04 11:47:34.376134 - Found COPYIPCS.jcl (text/plain) in CBT.V508.FILE560.PDS, moved to PDS/COPYIPCS
2025-04-04 11:47:34.376251 - Found COPYMULT.jcl (text/plain) in CBT.V508.FILE560.PDS, moved to PDS/COPYMULT
2025-04-04 11:47:34.376370 - Found COPYPDS.jcl (text/plain) in CBT.V508.FILE560.PDS, moved to PDS/COPYPDS
2025-04-04 11:47:34.376494 - Found COPYTAPE.jcl (text/plain) in CBT.V508.FILE560.PDS, moved to PDS/COPYTAPE
2025-04-04 11:47:34.376608 - Found COPYTSO.jcl (text/plain) in CBT.V508.FILE560.PDS, moved to PDS/COPYTSO
2025-04-04 11:47:34.376721 - Found COPYV.jcl (text/plain) in CBT.V508.FILE560.PDS, moved to PDS/COPYV
2025-04-04 11:47:34.376838 - Found COUNTBYT.jcl (text/plain) in CBT.V508.FILE560.PDS, moved to PDS/COUNTBYT
2025-04-04 11:47:34.376953 - Found COUNTREC.jcl (text/plain) in CBT.V508.FILE560.PDS, moved to PDS/COUNTREC
2025-04-04 11:47:34.377063 - Found CPYDMPDD.jcl (text/plain) in CBT.V508.FILE560.PDS, moved to PDS/CPYDMPDD
2025-04-04 11:47:34.377206 - Found CPY2NLTP.jcl (text/plain) in CBT.V508.FILE560.PDS, moved to PDS/CPY2NLTP
2025-04-04 11:47:34.377335 - Found CPY2SLTP.jcl (text/plain) in CBT.V508.FILE560.PDS, moved to PDS/CPY2SLTP
2025-04-04 11:47:34.377452 - Found CRE8VSAM.jcl (text/plain) in CBT.V508.FILE560.PDS, moved to PDS/CRE8VSAM
2025-04-04 11:47:34.377564 - Found CSECMCH2.jcl (text/plain) in CBT.V508.FILE560.PDS, moved to PDS/CSECMCH2
2025-04-04 11:47:34.377709 - Found CSECTLST.jcl (text/plain) in CBT.V508.FILE560.PDS, moved to PDS/CSECTLST
2025-04-04 11:47:34.377820 - Found CSECTMCH.jcl (text/plain) in CBT.V508.FILE560.PDS, moved to PDS/CSECTMCH
2025-04-04 11:47:34.377935 - Found CSECTMRG.jcl (text/plain) in CBT.V508.FILE560.PDS, moved to PDS/CSECTMRG
2025-04-04 11:47:34.378047 - Found CTLGLIST.jcl (text/plain) in CBT.V508.FILE560.PDS, moved to PDS/CTLGLIST
2025-04-04 11:47:34.378186 - Found CVTCLIST.jcl (text/plain) in CBT.V508.FILE560.PDS, moved to PDS/CVTCLIST
2025-04-04 11:47:34.378300 - Found CVTEXPND.jcl (text/plain) in CBT.V508.FILE560.PDS, moved to PDS/CVTEXPND
2025-04-04 11:47:34.378415 - Found C1UEXT02.jcl (text/plain) in CBT.V508.FILE560.PDS, moved to PDS/C1UEXT02
2025-04-04 11:47:34.378555 - Found C2COMPCK.jcl (text/plain) in CBT.V508.FILE560.PDS, moved to PDS/C2COMPCK
2025-04-04 11:47:34.378675 - Found DATES.jcl (text/plain) in CBT.V508.FILE560.PDS, moved to PDS/DATES
2025-04-04 11:47:34.378796 - Found DB2DATE.jcl (text/plain) in CBT.V508.FILE560.PDS, moved to PDS/DB2DATE
2025-04-04 11:47:34.378912 - Found DB2DATE2.jcl (text/plain) in CBT.V508.FILE560.PDS, moved to PDS/DB2DATE2
2025-04-04 11:47:34.379158 - Found DCBEXPND.jcl (text/plain) in CBT.V508.FILE560.PDS, moved to PDS/DCBEXPND
2025-04-04 11:47:34.379283 - Found DEBBIE.jcl (text/plain) in CBT.V508.FILE560.PDS, moved to PDS/DEBBIE
2025-04-04 11:47:34.379413 - Found DEBEXPND.jcl (text/plain) in CBT.V508.FILE560.PDS, moved to PDS/DEBEXPND
2025-04-04 11:47:34.379532 - Found DECBXPND.jcl (text/plain) in CBT.V508.FILE560.PDS, moved to PDS/DECBXPND
2025-04-04 11:47:34.379654 - Found DEFINDIR.jcl (text/plain) in CBT.V508.FILE560.PDS, moved to PDS/DEFINDIR
2025-04-04 11:47:34.379834 - Found DEFPAGEA.jcl (text/plain) in CBT.V508.FILE560.PDS, moved to PDS/DEFPAGEA
2025-04-04 11:47:34.379973 - Found DEFPAGEB.jcl (text/plain) in CBT.V508.FILE560.PDS, moved to PDS/DEFPAGEB
2025-04-04 11:47:34.380099 - Found DELEJSPC.jcl (text/plain) in CBT.V508.FILE560.PDS, moved to PDS/DELEJSPC
2025-04-04 11:47:34.380229 - Found DESERV.jcl (text/plain) in CBT.V508.FILE560.PDS, moved to PDS/DESERV
2025-04-04 11:47:34.380346 - Found DFDSS.jcl (text/plain) in CBT.V508.FILE560.PDS, moved to PDS/DFDSS
2025-04-04 11:47:34.380485 - Found DFDSSDIR.jcl (text/plain) in CBT.V508.FILE560.PDS, moved to PDS/DFDSSDIR
2025-04-04 11:47:34.380612 - Found DFDSSDOC.txt (text/plain) in CBT.V508.FILE560.PDS, moved to PDS/DFDSSDOC
2025-04-04 11:47:34.380754 - Found DISASM.jcl (text/plain) in CBT.V508.FILE560.PDS, moved to PDS/DISASM
2025-04-04 11:47:34.380881 - Found DISASMA.jcl (text/plain) in CBT.V508.FILE560.PDS, moved to PDS/DISASMA
2025-04-04 11:47:34.380996 - Found DISASMB.jcl (text/plain) in CBT.V508.FILE560.PDS, moved to PDS/DISASMB
2025-04-04 11:47:34.381139 - Found DISASMC.jcl (text/plain) in CBT.V508.FILE560.PDS, moved to PDS/DISASMC
2025-04-04 11:47:34.381255 - Found DISASME.jcl (text/plain) in CBT.V508.FILE560.PDS, moved to PDS/DISASME
2025-04-04 11:47:34.381366 - Found DISASMI.jcl (text/plain) in CBT.V508.FILE560.PDS, moved to PDS/DISASMI
2025-04-04 11:47:34.381496 - Found DISASMX.jcl (text/plain) in CBT.V508.FILE560.PDS, moved to PDS/DISASMX
2025-04-04 11:47:34.381623 - Found DISASMZ.jcl (text/plain) in CBT.V508.FILE560.PDS, moved to PDS/DISASMZ
2025-04-04 11:47:34.381738 - Found DISASM0.jcl (text/plain) in CBT.V508.FILE560.PDS, moved to PDS/DISASM0
2025-04-04 11:47:34.381849 - Found DISKCTLG.jcl (text/plain) in CBT.V508.FILE560.PDS, moved to PDS/DISKCTLG
2025-04-04 11:47:34.381980 - Found DKI0003A.jcl (text/plain) in CBT.V508.FILE560.PDS, moved to PDS/DKI0003A
2025-04-04 11:47:34.382210 - Found DKI9002A.jcl (text/plain) in CBT.V508.FILE560.PDS, moved to PDS/DKI9002A
2025-04-04 11:47:34.382321 - Found DSCBXPND.jcl (text/plain) in CBT.V508.FILE560.PDS, moved to PDS/DSCBXPND
2025-04-04 11:47:34.382435 - Found DSNUPDAT.jcl (text/plain) in CBT.V508.FILE560.PDS, moved to PDS/DSNUPDAT
2025-04-04 11:47:34.382564 - Found DUMPFIL.jcl (text/plain) in CBT.V508.FILE560.PDS, moved to PDS/DUMPFIL
2025-04-04 11:47:34.382676 - Found DUMPSTOR.jcl (text/plain) in CBT.V508.FILE560.PDS, moved to PDS/DUMPSTOR
2025-04-04 11:47:34.382799 - Found DUPLMEMB.jcl (text/plain) in CBT.V508.FILE560.PDS, moved to PDS/DUPLMEMB
2025-04-04 11:47:34.382990 - Found EASYIMS.jcl (text/plain) in CBT.V508.FILE560.PDS, moved to PDS/EASYIMS
2025-04-04 11:47:34.383260 - Found EBCD2ASC.jcl (text/plain) in CBT.V508.FILE560.PDS, moved to PDS/EBCD2ASC
2025-04-04 11:47:34.383371 - Found EDCCB.jcl (text/plain) in CBT.V508.FILE560.PDS, moved to PDS/EDCCB
2025-04-04 11:47:34.383492 - Found EDCCB0.jcl (text/plain) in CBT.V508.FILE560.PDS, moved to PDS/EDCCB0
2025-04-04 11:47:34.383618 - Found EDCCL.jcl (text/plain) in CBT.V508.FILE560.PDS, moved to PDS/EDCCL
2025-04-04 11:47:34.383753 - Found EDGE.jcl (text/plain) in CBT.V508.FILE560.PDS, moved to PDS/EDGE
2025-04-04 11:47:34.383869 - Found EDGEFIND.jcl (text/plain) in CBT.V508.FILE560.PDS, moved to PDS/EDGEFIND
2025-04-04 11:47:34.384002 - Found EDGEMCPR.jcl (text/plain) in CBT.V508.FILE560.PDS, moved to PDS/EDGEMCPR
2025-04-04 11:47:34.384114 - Found EDGEMOD.jcl (text/plain) in CBT.V508.FILE560.PDS, moved to PDS/EDGEMOD
2025-04-04 11:47:34.384222 - Found EDGESTRP.jcl (text/plain) in CBT.V508.FILE560.PDS, moved to PDS/EDGESTRP
2025-04-04 11:47:34.384334 - Found EDGEVSCB.jcl (text/plain) in CBT.V508.FILE560.PDS, moved to PDS/EDGEVSCB
2025-04-04 11:47:34.384454 - Found EDGE0.jcl (text/plain) in CBT.V508.FILE560.PDS, moved to PDS/EDGE0
2025-04-04 11:47:34.384587 - Found EDGE1.jcl (text/plain) in CBT.V508.FILE560.PDS, moved to PDS/EDGE1
2025-04-04 11:47:34.384700 - Found EMP.jcl (text/plain) in CBT.V508.FILE560.PDS, moved to PDS/EMP
2025-04-04 11:47:34.384811 - Found ENBE1000.jcl (text/plain) in CBT.V508.FILE560.PDS, moved to PDS/ENBE1000
2025-04-04 11:47:34.384923 - Found ENDCKDUP.jcl (text/plain) in CBT.V508.FILE560.PDS, moved to PDS/ENDCKDUP
2025-04-04 11:47:34.385062 - Found ENDVDATA.jcl (text/plain) in CBT.V508.FILE560.PDS, moved to PDS/ENDVDATA
2025-04-04 11:47:34.385187 - Found ENDVELEM.jcl (text/plain) in CBT.V508.FILE560.PDS, moved to PDS/ENDVELEM
2025-04-04 11:47:34.385463 - Found ENDVELMT.jcl (text/plain) in CBT.V508.FILE560.PDS, moved to PDS/ENDVELMT
2025-04-04 11:47:34.385594 - Found ENDVFLCK.jcl (text/plain) in CBT.V508.FILE560.PDS, moved to PDS/ENDVFLCK
2025-04-04 11:47:34.385763 - Found ENDVFTPT.jcl (text/plain) in CBT.V508.FILE560.PDS, moved to PDS/ENDVFTPT
2025-04-04 11:47:34.385931 - Found ENDVMTCH.jcl (text/plain) in CBT.V508.FILE560.PDS, moved to PDS/ENDVMTCH
2025-04-04 11:47:34.386294 - Found ENDVPGLS.jcl (text/plain) in CBT.V508.FILE560.PDS, moved to PDS/ENDVPGLS
2025-04-04 11:47:34.386441 - Found ENDVRSYS.jcl (text/plain) in CBT.V508.FILE560.PDS, moved to PDS/ENDVRSYS
2025-04-04 11:47:34.386594 - Found ENDVRTRV.jcl (text/plain) in CBT.V508.FILE560.PDS, moved to PDS/ENDVRTRV
2025-04-04 11:47:34.386787 - Found ENDVRTVL.jcl (text/plain) in CBT.V508.FILE560.PDS, moved to PDS/ENDVRTVL
2025-04-04 11:47:34.387048 - Found ENDVRTV2.jcl (text/plain) in CBT.V508.FILE560.PDS, moved to PDS/ENDVRTV2
2025-04-04 11:47:34.387525 - Found ENDVSTRP.jcl (text/plain) in CBT.V508.FILE560.PDS, moved to PDS/ENDVSTRP
2025-04-04 11:47:34.387813 - Found ENDVXPND.jcl (text/plain) in CBT.V508.FILE560.PDS, moved to PDS/ENDVXPND
2025-04-04 11:47:34.387984 - Found ENQLIST.jcl (text/plain) in CBT.V508.FILE560.PDS, moved to PDS/ENQLIST
2025-04-04 11:47:34.388149 - Found EXCHANGE.jcl (text/plain) in CBT.V508.FILE560.PDS, moved to PDS/EXCHANGE
2025-04-04 11:47:34.388305 - Found EXCPSEQF.jcl (text/plain) in CBT.V508.FILE560.PDS, moved to PDS/EXCPSEQF
2025-04-04 11:47:34.388474 - Found EXCPTAPE.jcl (text/plain) in CBT.V508.FILE560.PDS, moved to PDS/EXCPTAPE
2025-04-04 11:47:34.388635 - Found EXLSTXPN.jcl (text/plain) in CBT.V508.FILE560.PDS, moved to PDS/EXLSTXPN
2025-04-04 11:47:34.388791 - Found EXTSYMS.jcl (text/plain) in CBT.V508.FILE560.PDS, moved to PDS/EXTSYMS
2025-04-04 11:47:34.388936 - Found FILES.jcl (text/plain) in CBT.V508.FILE560.PDS, moved to PDS/FILES
2025-04-04 11:47:34.389217 - Found FINDCALL.jcl (text/plain) in CBT.V508.FILE560.PDS, moved to PDS/FINDCALL
2025-04-04 11:47:34.389390 - Found FINDCONT.jcl (text/plain) in CBT.V508.FILE560.PDS, moved to PDS/FINDCONT
2025-04-04 11:47:34.389537 - Found FINDELMB.jcl (text/plain) in CBT.V508.FILE560.PDS, moved to PDS/FINDELMB
2025-04-04 11:47:34.389996 - Found FINDLDM.jcl (text/plain) in CBT.V508.FILE560.PDS, moved to PDS/FINDLDM
2025-04-04 11:47:34.390158 - Found FINDMAC.jcl (text/plain) in CBT.V508.FILE560.PDS, moved to PDS/FINDMAC
2025-04-04 11:47:34.390301 - Found FINDPGM.jcl (text/plain) in CBT.V508.FILE560.PDS, moved to PDS/FINDPGM
2025-04-04 11:47:34.390454 - Found FINDSTRG.jcl (text/plain) in CBT.V508.FILE560.PDS, moved to PDS/FINDSTRG
2025-04-04 11:47:34.390597 - Found FINDSUBR.jcl (text/plain) in CBT.V508.FILE560.PDS, moved to PDS/FINDSUBR
2025-04-04 11:47:34.390765 - Found FNDALLMC.jcl (text/plain) in CBT.V508.FILE560.PDS, moved to PDS/FNDALLMC
2025-04-04 11:47:34.390904 - Found FNDMACRO.jcl (text/plain) in CBT.V508.FILE560.PDS, moved to PDS/FNDMACRO
2025-04-04 11:47:34.391017 - Found GDGCR8.jcl (text/plain) in CBT.V508.FILE560.PDS, moved to PDS/GDGCR8
2025-04-04 11:47:34.391142 - Found GENDATES.jcl (text/plain) in CBT.V508.FILE560.PDS, moved to PDS/GENDATES
2025-04-04 11:47:34.391280 - Found GEOFCOB.jcl (text/plain) in CBT.V508.FILE560.PDS, moved to PDS/GEOFCOB
2025-04-04 11:47:34.391586 - Found GEOFEXE.jcl (text/plain) in CBT.V508.FILE560.PDS, moved to PDS/GEOFEXE
2025-04-04 11:47:34.391728 - Found GETOWNR2.jcl (text/plain) in CBT.V508.FILE560.PDS, moved to PDS/GETOWNR2
2025-04-04 11:47:34.391860 - Found IBMREC.jcl (text/plain) in CBT.V508.FILE560.PDS, moved to PDS/IBMREC
2025-04-04 11:47:34.391985 - Found ICATALOG.jcl (text/plain) in CBT.V508.FILE560.PDS, moved to PDS/ICATALOG
2025-04-04 11:47:34.392128 - Found ICLONE.jcl (text/plain) in CBT.V508.FILE560.PDS, moved to PDS/ICLONE
2025-04-04 11:47:34.392278 - Found ICLONE2.jcl (text/plain) in CBT.V508.FILE560.PDS, moved to PDS/ICLONE2
2025-04-04 11:47:34.392434 - Found IDCALIAS.jcl (text/plain) in CBT.V508.FILE560.PDS, moved to PDS/IDCALIAS
2025-04-04 11:47:34.392560 - Found IDCAMPRT.jcl (text/plain) in CBT.V508.FILE560.PDS, moved to PDS/IDCAMPRT
2025-04-04 11:47:34.392680 - Found IDCCTLG.jcl (text/plain) in CBT.V508.FILE560.PDS, moved to PDS/IDCCTLG
2025-04-04 11:47:34.392816 - Found IDCMDEFL.jcl (text/plain) in CBT.V508.FILE560.PDS, moved to PDS/IDCMDEFL
2025-04-04 11:47:34.392950 - Found IDCMDEFN.jcl (text/plain) in CBT.V508.FILE560.PDS, moved to PDS/IDCMDEFN
2025-04-04 11:47:34.393075 - Found IDCMDEL.jcl (text/plain) in CBT.V508.FILE560.PDS, moved to PDS/IDCMDEL
2025-04-04 11:47:34.393207 - Found IDCMDFMD.jcl (text/plain) in CBT.V508.FILE560.PDS, moved to PDS/IDCMDFMD
2025-04-04 11:47:34.393322 - Found IDCMDFNV.jcl (text/plain) in CBT.V508.FILE560.PDS, moved to PDS/IDCMDFNV
2025-04-04 11:47:34.393455 - Found IDCMDIAG.jcl (text/plain) in CBT.V508.FILE560.PDS, moved to PDS/IDCMDIAG
2025-04-04 11:47:34.393568 - Found IDCMEXAM.jcl (text/plain) in CBT.V508.FILE560.PDS, moved to PDS/IDCMEXAM
2025-04-04 11:47:34.393690 - Found IDCMEXMP.jcl (text/plain) in CBT.V508.FILE560.PDS, moved to PDS/IDCMEXMP
2025-04-04 11:47:34.393801 - Found IDCMLIST.jcl (text/plain) in CBT.V508.FILE560.PDS, moved to PDS/IDCMLIST
2025-04-04 11:47:34.393913 - Found IDCMNSMS.jcl (text/plain) in CBT.V508.FILE560.PDS, moved to PDS/IDCMNSMS
2025-04-04 11:47:34.394030 - Found IDCMNVRN.jcl (text/plain) in CBT.V508.FILE560.PDS, moved to PDS/IDCMNVRN
2025-04-04 11:47:34.394148 - Found IDCMRECT.jcl (text/plain) in CBT.V508.FILE560.PDS, moved to PDS/IDCMRECT
2025-04-04 11:47:34.394266 - Found IDCMREN.jcl (text/plain) in CBT.V508.FILE560.PDS, moved to PDS/IDCMREN
2025-04-04 11:47:34.394403 - Found IDCMREN2.jcl (text/plain) in CBT.V508.FILE560.PDS, moved to PDS/IDCMREN2
2025-04-04 11:47:34.394525 - Found IDCMRERG.jcl (text/plain) in CBT.V508.FILE560.PDS, moved to PDS/IDCMRERG
2025-04-04 11:47:34.394638 - Found IDCMRPMC.jcl (text/plain) in CBT.V508.FILE560.PDS, moved to PDS/IDCMRPMC
2025-04-04 11:47:34.395043 - Found IDCMRPRI.jcl (text/plain) in CBT.V508.FILE560.PDS, moved to PDS/IDCMRPRI
2025-04-04 11:47:34.395171 - Found IDCMRPRO.jcl (text/plain) in CBT.V508.FILE560.PDS, moved to PDS/IDCMRPRO
2025-04-04 11:47:34.395295 - Found IDCMRPR1.jcl (text/plain) in CBT.V508.FILE560.PDS, moved to PDS/IDCMRPR1
2025-04-04 11:47:34.395444 - Found IDCMSKIP.jcl (text/plain) in CBT.V508.FILE560.PDS, moved to PDS/IDCMSKIP
2025-04-04 11:47:34.395588 - Found IDCMSMS.jcl (text/plain) in CBT.V508.FILE560.PDS, moved to PDS/IDCMSMS
2025-04-04 11:47:34.395730 - Found IDCMUNCT.jcl (text/plain) in CBT.V508.FILE560.PDS, moved to PDS/IDCMUNCT
2025-04-04 11:47:34.395852 - Found IDCTLGNV.jcl (text/plain) in CBT.V508.FILE560.PDS, moved to PDS/IDCTLGNV
2025-04-04 11:47:34.395968 - Found IDEFINE.jcl (text/plain) in CBT.V508.FILE560.PDS, moved to PDS/IDEFINE
2025-04-04 11:47:34.396204 - Found IDESACAT.jcl (text/plain) in CBT.V508.FILE560.PDS, moved to PDS/IDESACAT
2025-04-04 11:47:34.396325 - Found IEBCOPY.jcl (text/plain) in CBT.V508.FILE560.PDS, moved to PDS/IEBCOPY
2025-04-04 11:47:34.396433 - Found IEBCOP2.jcl (text/plain) in CBT.V508.FILE560.PDS, moved to PDS/IEBCOP2
2025-04-04 11:47:34.396565 - Found IEBGENER.jcl (text/plain) in CBT.V508.FILE560.PDS, moved to PDS/IEBGENER
2025-04-04 11:47:34.396681 - Found IEBUNLD.jcl (text/plain) in CBT.V508.FILE560.PDS, moved to PDS/IEBUNLD
2025-04-04 11:47:34.396795 - Found IEBUPDTE.jcl (text/plain) in CBT.V508.FILE560.PDS, moved to PDS/IEBUPDTE
2025-04-04 11:47:34.396915 - Found IEFBR14.jcl (text/plain) in CBT.V508.FILE560.PDS, moved to PDS/IEFBR14
2025-04-04 11:47:34.397033 - Found IEHLIST.jcl (text/plain) in CBT.V508.FILE560.PDS, moved to PDS/IEHLIST
2025-04-04 11:47:34.397158 - Found IEHPROGM.jcl (text/plain) in CBT.V508.FILE560.PDS, moved to PDS/IEHPROGM
2025-04-04 11:47:34.397271 - Found IEWBTEST.jcl (text/plain) in CBT.V508.FILE560.PDS, moved to PDS/IEWBTEST
2025-04-04 11:47:34.397385 - Found IFCDIP00.jcl (text/plain) in CBT.V508.FILE560.PDS, moved to PDS/IFCDIP00
2025-04-04 11:47:34.397496 - Found IGGCSILC.jcl (text/plain) in CBT.V508.FILE560.PDS, moved to PDS/IGGCSILC
2025-04-04 11:47:34.397631 - Found IKJEFT01.jcl (text/plain) in CBT.V508.FILE560.PDS, moved to PDS/IKJEFT01
2025-04-04 11:47:34.397742 - Found ILBCHECK.jcl (text/plain) in CBT.V508.FILE560.PDS, moved to PDS/ILBCHECK
2025-04-04 11:47:34.397862 - Found ILBCHEKS.jcl (text/plain) in CBT.V508.FILE560.PDS, moved to PDS/ILBCHEKS
2025-04-04 11:47:34.397971 - Found IOBEXPND.jcl (text/plain) in CBT.V508.FILE560.PDS, moved to PDS/IOBEXPND
2025-04-04 11:47:34.398084 - Found IPCSBTCH.jcl (text/plain) in CBT.V508.FILE560.PDS, moved to PDS/IPCSBTCH
2025-04-04 11:47:34.398196 - Found IPCSDEFN.jcl (text/plain) in CBT.V508.FILE560.PDS, moved to PDS/IPCSDEFN
2025-04-04 11:47:34.398315 - Found IPOUPDTE.jcl (text/plain) in CBT.V508.FILE560.PDS, moved to PDS/IPOUPDTE
2025-04-04 11:47:34.398427 - Found IRENAME.jcl (text/plain) in CBT.V508.FILE560.PDS, moved to PDS/IRENAME
2025-04-04 11:47:34.398545 - Found IRENAM1.jcl (text/plain) in CBT.V508.FILE560.PDS, moved to PDS/IRENAM1
2025-04-04 11:47:34.398680 - Found IRENAM2.jcl (text/plain) in CBT.V508.FILE560.PDS, moved to PDS/IRENAM2
2025-04-04 11:47:34.398796 - Found ISCRATCH.jcl (text/plain) in CBT.V508.FILE560.PDS, moved to PDS/ISCRATCH
2025-04-04 11:47:34.398927 - Found IUNCATLG.jcl (text/plain) in CBT.V508.FILE560.PDS, moved to PDS/IUNCATLG
2025-04-04 11:47:34.399039 - Found IXBUILD.jcl (text/plain) in CBT.V508.FILE560.PDS, moved to PDS/IXBUILD
2025-04-04 11:47:34.399154 - Found IXVTOC.jcl (text/plain) in CBT.V508.FILE560.PDS, moved to PDS/IXVTOC
2025-04-04 11:47:34.399262 - Found JCLMODS.jcl (text/plain) in CBT.V508.FILE560.PDS, moved to PDS/JCLMODS
2025-04-04 11:47:34.399385 - Found JCLSCAN.jcl (text/plain) in CBT.V508.FILE560.PDS, moved to PDS/JCLSCAN
2025-04-04 11:47:34.399552 - Found JCLSCAN2.jcl (text/plain) in CBT.V508.FILE560.PDS, moved to PDS/JCLSCAN2
2025-04-04 11:47:34.399717 - Found JESCTXPN.jcl (text/plain) in CBT.V508.FILE560.PDS, moved to PDS/JESCTXPN
2025-04-04 11:47:34.399853 - Found JES2PROC.jcl (text/plain) in CBT.V508.FILE560.PDS, moved to PDS/JES2PROC
2025-04-04 11:47:34.399979 - Found JFCBXPND.jcl (text/plain) in CBT.V508.FILE560.PDS, moved to PDS/JFCBXPND
2025-04-04 11:47:34.400203 - Found JOBCARD.jcl (text/plain) in CBT.V508.FILE560.PDS, moved to PDS/JOBCARD
2025-04-04 11:47:34.400338 - Found LBLEXPND.jcl (text/plain) in CBT.V508.FILE560.PDS, moved to PDS/LBLEXPND
2025-04-04 11:47:34.400460 - Found LDMDVER.jcl (text/plain) in CBT.V508.FILE560.PDS, moved to PDS/LDMDVER
2025-04-04 11:47:34.400586 - Found LE37019.jcl (text/plain) in CBT.V508.FILE560.PDS, moved to PDS/LE37019
2025-04-04 11:47:34.400746 - Found LINK.jcl (text/plain) in CBT.V508.FILE560.PDS, moved to PDS/LINK
2025-04-04 11:47:34.401349 - Found LINKCNTL.jcl (text/plain) in CBT.V508.FILE560.PDS, moved to PDS/LINKCNTL
2025-04-04 11:47:34.401512 - Found LINKREPL.jcl (text/plain) in CBT.V508.FILE560.PDS, moved to PDS/LINKREPL
2025-04-04 11:47:34.401653 - Found LINKTEST.jcl (text/plain) in CBT.V508.FILE560.PDS, moved to PDS/LINKTEST
2025-04-04 11:47:34.401785 - Found LINKXPND.jcl (text/plain) in CBT.V508.FILE560.PDS, moved to PDS/LINKXPND
2025-04-04 11:47:34.402164 - Found LINK2.jcl (text/plain) in CBT.V508.FILE560.PDS, moved to PDS/LINK2
2025-04-04 11:47:34.402345 - Found LINK900.jcl (text/plain) in CBT.V508.FILE560.PDS, moved to PDS/LINK900
2025-04-04 11:47:34.402840 - Found LINK900A.jcl (text/plain) in CBT.V508.FILE560.PDS, moved to PDS/LINK900A
2025-04-04 11:47:34.403065 - Found LISTIDR.jcl (text/plain) in CBT.V508.FILE560.PDS, moved to PDS/LISTIDR
2025-04-04 11:47:34.403194 - Found LISTVOLS.jcl (text/plain) in CBT.V508.FILE560.PDS, moved to PDS/LISTVOLS
2025-04-04 11:47:34.403365 - Found LKEDALYS.jcl (text/plain) in CBT.V508.FILE560.PDS, moved to PDS/LKEDALYS
2025-04-04 11:47:34.403794 - Found LKEDANAL.jcl (text/plain) in CBT.V508.FILE560.PDS, moved to PDS/LKEDANAL
2025-04-04 11:47:34.404066 - Found LKEDCTL2.jcl (text/plain) in CBT.V508.FILE560.PDS, moved to PDS/LKEDCTL2
2025-04-04 11:47:34.404361 - Found LKEDMOD.jcl (text/plain) in CBT.V508.FILE560.PDS, moved to PDS/LKEDMOD
2025-04-04 11:47:34.404546 - Found LMODCHEK.jcl (text/plain) in CBT.V508.FILE560.PDS, moved to PDS/LMODCHEK
2025-04-04 11:47:34.404713 - Found LMODCHK2.jcl (text/plain) in CBT.V508.FILE560.PDS, moved to PDS/LMODCHK2
2025-04-04 11:47:34.404840 - Found LMODCSCT.jcl (text/plain) in CBT.V508.FILE560.PDS, moved to PDS/LMODCSCT
2025-04-04 11:47:34.404961 - Found LMODHIST.jcl (text/plain) in CBT.V508.FILE560.PDS, moved to PDS/LMODHIST
2025-04-04 11:47:34.405086 - Found LMODREAD.jcl (text/plain) in CBT.V508.FILE560.PDS, moved to PDS/LMODREAD
2025-04-04 11:47:34.405223 - Found LOADDIR.jcl (text/plain) in CBT.V508.FILE560.PDS, moved to PDS/LOADDIR
2025-04-04 11:47:34.405342 - Found LOGREC.jcl (text/plain) in CBT.V508.FILE560.PDS, moved to PDS/LOGREC
2025-04-04 11:47:34.405485 - Found LOGRECHH.jcl (text/plain) in CBT.V508.FILE560.PDS, moved to PDS/LOGRECHH
2025-04-04 11:47:34.405633 - Found LOGRECHW.jcl (text/plain) in CBT.V508.FILE560.PDS, moved to PDS/LOGRECHW
2025-04-04 11:47:34.405784 - Found LOGRECSB.jcl (text/plain) in CBT.V508.FILE560.PDS, moved to PDS/LOGRECSB
2025-04-04 11:47:34.405937 - Found LOGRECSF.jcl (text/plain) in CBT.V508.FILE560.PDS, moved to PDS/LOGRECSF
2025-04-04 11:47:34.406086 - Found LSTVTOC.jcl (text/plain) in CBT.V508.FILE560.PDS, moved to PDS/LSTVTOC
2025-04-04 11:47:34.406228 - Found MAILMERG.jcl (text/plain) in CBT.V508.FILE560.PDS, moved to PDS/MAILMERG
2025-04-04 11:47:34.406370 - Found MERGE.jcl (text/plain) in CBT.V508.FILE560.PDS, moved to PDS/MERGE
2025-04-04 11:47:34.406506 - Found MERGE1.jcl (text/plain) in CBT.V508.FILE560.PDS, moved to PDS/MERGE1
2025-04-04 11:47:34.406636 - Found MERGE2.jcl (text/plain) in CBT.V508.FILE560.PDS, moved to PDS/MERGE2
2025-04-04 11:47:34.406758 - Found MERGE3.jcl (text/plain) in CBT.V508.FILE560.PDS, moved to PDS/MERGE3
2025-04-04 11:47:34.406889 - Found MERGMERG.jcl (text/plain) in CBT.V508.FILE560.PDS, moved to PDS/MERGMERG
2025-04-04 11:47:34.407022 - Found MFCSIGNS.jcl (text/plain) in CBT.V508.FILE560.PDS, moved to PDS/MFCSIGNS
2025-04-04 11:47:34.407149 - Found MIGRATE.jcl (text/plain) in CBT.V508.FILE560.PDS, moved to PDS/MIGRATE
2025-04-04 11:47:34.407297 - Found MODPSWD.jcl (text/plain) in CBT.V508.FILE560.PDS, moved to PDS/MODPSWD
2025-04-04 11:47:34.407423 - Found MODSCB.jcl (text/plain) in CBT.V508.FILE560.PDS, moved to PDS/MODSCB
2025-04-04 11:47:34.407552 - Found MODSCB2.jcl (text/plain) in CBT.V508.FILE560.PDS, moved to PDS/MODSCB2
2025-04-04 11:47:34.407674 - Found MODSCNDY.jcl (text/plain) in CBT.V508.FILE560.PDS, moved to PDS/MODSCNDY
2025-04-04 11:47:34.407800 - Found MODULENG.jcl (text/plain) in CBT.V508.FILE560.PDS, moved to PDS/MODULENG
2025-04-04 11:47:34.407918 - Found MODXREF.jcl (text/plain) in CBT.V508.FILE560.PDS, moved to PDS/MODXREF
2025-04-04 11:47:34.408040 - Found MRG4WAY.jcl (text/plain) in CBT.V508.FILE560.PDS, moved to PDS/MRG4WAY
2025-04-04 11:47:34.408541 - Found MSASMMOD.jcl (text/plain) in CBT.V508.FILE560.PDS, moved to PDS/MSASMMOD
2025-04-04 11:47:34.408703 - Found MSASMRPT.jcl (text/plain) in CBT.V508.FILE560.PDS, moved to PDS/MSASMRPT
2025-04-04 11:47:34.408834 - Found MSMCHMOD.jcl (text/plain) in CBT.V508.FILE560.PDS, moved to PDS/MSMCHMOD
2025-04-04 11:47:34.409487 - Found MSMCHMST.jcl (text/plain) in CBT.V508.FILE560.PDS, moved to PDS/MSMCHMST
2025-04-04 11:47:34.410173 - Found MSMCHRPT.jcl (text/plain) in CBT.V508.FILE560.PDS, moved to PDS/MSMCHRPT
2025-04-04 11:47:34.410545 - Found MTCHMERG.jcl (text/plain) in CBT.V508.FILE560.PDS, moved to PDS/MTCHMERG
2025-04-04 11:47:34.410911 - Found MVCLCHEK.jcl (text/plain) in CBT.V508.FILE560.PDS, moved to PDS/MVCLCHEK
2025-04-04 11:47:34.411239 - Found MVCLDISM.jcl (text/plain) in CBT.V508.FILE560.PDS, moved to PDS/MVCLDISM
2025-04-04 11:47:34.411375 - Found MVCLREDO.jcl (text/plain) in CBT.V508.FILE560.PDS, moved to PDS/MVCLREDO
2025-04-04 11:47:34.411517 - Found NDMRECV.jcl (text/plain) in CBT.V508.FILE560.PDS, moved to PDS/NDMRECV
2025-04-04 11:47:34.411638 - Found NDMSEND.jcl (text/plain) in CBT.V508.FILE560.PDS, moved to PDS/NDMSEND
2025-04-04 11:47:34.411798 - Found NDVRRP83.jcl (text/plain) in CBT.V508.FILE560.PDS, moved to PDS/NDVRRP83
2025-04-04 11:47:34.411915 - Found NOMNOC.jcl (text/plain) in CBT.V508.FILE560.PDS, moved to PDS/NOMNOC
2025-04-04 11:47:34.412067 - Found OWNER.jcl (text/plain) in CBT.V508.FILE560.PDS, moved to PDS/OWNER
2025-04-04 11:47:34.412192 - Found PDSCHECK.jcl (text/plain) in CBT.V508.FILE560.PDS, moved to PDS/PDSCHECK
2025-04-04 11:47:34.412304 - Found PDSCLEAN.jcl (text/plain) in CBT.V508.FILE560.PDS, moved to PDS/PDSCLEAN
2025-04-04 11:47:34.412458 - Found PDSCPYMB.jcl (text/plain) in CBT.V508.FILE560.PDS, moved to PDS/PDSCPYMB
2025-04-04 11:47:34.412941 - Found PDSDIR.jcl (text/plain) in CBT.V508.FILE560.PDS, moved to PDS/PDSDIR
2025-04-04 11:47:34.413109 - Found PDSDIRB.jcl (text/plain) in CBT.V508.FILE560.PDS, moved to PDS/PDSDIRB
2025-04-04 11:47:34.413404 - Found PDSDIRC.jcl (text/plain) in CBT.V508.FILE560.PDS, moved to PDS/PDSDIRC
2025-04-04 11:47:34.413560 - Found PDSDIRLN.jcl (text/plain) in CBT.V508.FILE560.PDS, moved to PDS/PDSDIRLN
2025-04-04 11:47:34.413690 - Found PDSDIRX.jcl (text/plain) in CBT.V508.FILE560.PDS, moved to PDS/PDSDIRX
2025-04-04 11:47:34.413840 - Found PDSDIRXP.jcl (text/plain) in CBT.V508.FILE560.PDS, moved to PDS/PDSDIRXP
2025-04-04 11:47:34.413962 - Found PDSDSN.jcl (text/plain) in CBT.V508.FILE560.PDS, moved to PDS/PDSDSN
2025-04-04 11:47:34.414087 - Found PDSECONV.jcl (text/plain) in CBT.V508.FILE560.PDS, moved to PDS/PDSECONV
2025-04-04 11:47:34.414218 - Found PDSHIST.jcl (text/plain) in CBT.V508.FILE560.PDS, moved to PDS/PDSHIST
2025-04-04 11:47:34.414336 - Found PDSINFO.jcl (text/plain) in CBT.V508.FILE560.PDS, moved to PDS/PDSINFO
2025-04-04 11:47:34.414467 - Found PDSREAD.jcl (text/plain) in CBT.V508.FILE560.PDS, moved to PDS/PDSREAD
2025-04-04 11:47:34.414609 - Found PDSUTIL.jcl (text/plain) in CBT.V508.FILE560.PDS, moved to PDS/PDSUTIL
2025-04-04 11:47:34.414778 - Found PDSUTILA.jcl (text/plain) in CBT.V508.FILE560.PDS, moved to PDS/PDSUTILA
2025-04-04 11:47:34.414937 - Found PDSUTILB.jcl (text/plain) in CBT.V508.FILE560.PDS, moved to PDS/PDSUTILB
2025-04-04 11:47:34.415058 - Found PDSUTILC.jcl (text/plain) in CBT.V508.FILE560.PDS, moved to PDS/PDSUTILC
2025-04-04 11:47:34.415221 - Found PDSUTILD.jcl (text/plain) in CBT.V508.FILE560.PDS, moved to PDS/PDSUTILD
2025-04-04 11:47:34.415361 - Found PDSUTLA2.jcl (text/plain) in CBT.V508.FILE560.PDS, moved to PDS/PDSUTLA2
2025-04-04 11:47:34.415471 - Found PDSUTLB2.jcl (text/plain) in CBT.V508.FILE560.PDS, moved to PDS/PDSUTLB2
2025-04-04 11:47:34.415601 - Found PDSUTLC2.jcl (text/plain) in CBT.V508.FILE560.PDS, moved to PDS/PDSUTLC2
2025-04-04 11:47:34.415733 - Found PDSUTLD2.jcl (text/plain) in CBT.V508.FILE560.PDS, moved to PDS/PDSUTLD2
2025-04-04 11:47:34.415872 - Found PDSVREPL.jcl (text/plain) in CBT.V508.FILE560.PDS, moved to PDS/PDSVREPL
2025-04-04 11:47:34.415989 - Found PDSVUPDT.jcl (text/plain) in CBT.V508.FILE560.PDS, moved to PDS/PDSVUPDT
2025-04-04 11:47:34.416139 - Found PGMTYPE.jcl (text/plain) in CBT.V508.FILE560.PDS, moved to PDS/PGMTYPE
2025-04-04 11:47:34.416264 - Found PKUNZIP.jcl (text/plain) in CBT.V508.FILE560.PDS, moved to PDS/PKUNZIP
2025-04-04 11:47:34.416384 - Found PKZIP.jcl (text/plain) in CBT.V508.FILE560.PDS, moved to PDS/PKZIP
2025-04-04 11:47:34.416495 - Found PKZIPVW.jcl (text/plain) in CBT.V508.FILE560.PDS, moved to PDS/PKZIPVW
2025-04-04 11:47:34.416630 - Found POINTER1.jcl (text/plain) in CBT.V508.FILE560.PDS, moved to PDS/POINTER1
2025-04-04 11:47:34.416762 - Found POINTER2.jcl (text/plain) in CBT.V508.FILE560.PDS, moved to PDS/POINTER2
2025-04-04 11:47:34.416882 - Found POINTER3.jcl (text/plain) in CBT.V508.FILE560.PDS, moved to PDS/POINTER3
2025-04-04 11:47:34.417025 - Found PRELINK.jcl (text/plain) in CBT.V508.FILE560.PDS, moved to PDS/PRELINK
2025-04-04 11:47:34.417151 - Found PRINTDAE.jcl (text/plain) in CBT.V508.FILE560.PDS, moved to PDS/PRINTDAE
2025-04-04 11:47:34.417275 - Found PRINTNBR.jcl (text/plain) in CBT.V508.FILE560.PDS, moved to PDS/PRINTNBR
2025-04-04 11:47:34.417398 - Found PRNTMULT.jcl (text/plain) in CBT.V508.FILE560.PDS, moved to PDS/PRNTMULT
2025-04-04 11:47:34.417516 - Found PROCSCAN.jcl (text/plain) in CBT.V508.FILE560.PDS, moved to PDS/PROCSCAN
2025-04-04 11:47:34.417645 - Found PRODSETS.jcl (text/plain) in CBT.V508.FILE560.PDS, moved to PDS/PRODSETS
2025-04-04 11:47:34.417790 - Found PRRMT178.jcl (text/plain) in CBT.V508.FILE560.PDS, moved to PDS/PRRMT178
2025-04-04 11:47:34.417928 - Found PRTABND1.jcl (text/plain) in CBT.V508.FILE560.PDS, moved to PDS/PRTABND1
2025-04-04 11:47:34.418102 - Found PRTBKMGR.jcl (text/plain) in CBT.V508.FILE560.PDS, moved to PDS/PRTBKMGR
2025-04-04 11:47:34.418241 - Found PRTCC.jcl (text/plain) in CBT.V508.FILE560.PDS, moved to PDS/PRTCC
2025-04-04 11:47:34.418407 - Found PRTCCLAS.jcl (text/plain) in CBT.V508.FILE560.PDS, moved to PDS/PRTCCLAS
2025-04-04 11:47:34.418638 - Found PRTCHARS.jcl (text/plain) in CBT.V508.FILE560.PDS, moved to PDS/PRTCHARS
2025-04-04 11:47:34.418814 - Found PRTDIR.jcl (text/plain) in CBT.V508.FILE560.PDS, moved to PDS/PRTDIR
2025-04-04 11:47:34.418957 - Found PRTDP50.jcl (text/plain) in CBT.V508.FILE560.PDS, moved to PDS/PRTDP50
2025-04-04 11:47:34.419091 - Found PRTGTF.jcl (text/plain) in CBT.V508.FILE560.PDS, moved to PDS/PRTGTF
2025-04-04 11:47:34.419232 - Found PRTHEX.jcl (text/plain) in CBT.V508.FILE560.PDS, moved to PDS/PRTHEX
2025-04-04 11:47:34.419458 - Found PRTINFO.jcl (text/plain) in CBT.V508.FILE560.PDS, moved to PDS/PRTINFO
2025-04-04 11:47:34.420109 - Found PRTLIBRY.jcl (text/plain) in CBT.V508.FILE560.PDS, moved to PDS/PRTLIBRY
2025-04-04 11:47:34.420698 - Found PRTLIB50.jcl (text/plain) in CBT.V508.FILE560.PDS, moved to PDS/PRTLIB50
2025-04-04 11:47:34.420888 - Found PRTMEMBR.jcl (text/plain) in CBT.V508.FILE560.PDS, moved to PDS/PRTMEMBR
2025-04-04 11:47:34.421016 - Found PRTMEM50.jcl (text/plain) in CBT.V508.FILE560.PDS, moved to PDS/PRTMEM50
2025-04-04 11:47:34.421196 - Found PRTPCH.jcl (text/plain) in CBT.V508.FILE560.PDS, moved to PDS/PRTPCH
2025-04-04 11:47:34.421336 - Found PRTPCWDK.jcl (text/plain) in CBT.V508.FILE560.PDS, moved to PDS/PRTPCWDK
2025-04-04 11:47:34.421463 - Found PRTRESLV.jcl (text/plain) in CBT.V508.FILE560.PDS, moved to PDS/PRTRESLV
2025-04-04 11:47:34.421604 - Found PRTRMF.jcl (text/plain) in CBT.V508.FILE560.PDS, moved to PDS/PRTRMF
2025-04-04 11:47:34.421745 - Found PRTT11.jcl (text/plain) in CBT.V508.FILE560.PDS, moved to PDS/PRTT11
2025-04-04 11:47:34.421882 - Found PRT2CHAR.jcl (text/plain) in CBT.V508.FILE560.PDS, moved to PDS/PRT2CHAR
2025-04-04 11:47:34.421993 - Found PRT2CHRF.jcl (text/plain) in CBT.V508.FILE560.PDS, moved to PDS/PRT2CHRF
2025-04-04 11:47:34.422134 - Found PSAEXPND.jcl (text/plain) in CBT.V508.FILE560.PDS, moved to PDS/PSAEXPND
2025-04-04 11:47:34.422290 - Found PULLDUPS.jcl (text/plain) in CBT.V508.FILE560.PDS, moved to PDS/PULLDUPS
2025-04-04 11:47:34.422430 - Found PULLGRPS.jcl (text/plain) in CBT.V508.FILE560.PDS, moved to PDS/PULLGRPS
2025-04-04 11:47:34.422551 - Found QWIKVTOC.jcl (text/plain) in CBT.V508.FILE560.PDS, moved to PDS/QWIKVTOC
2025-04-04 11:47:34.422677 - Found RBEXPAND.jcl (text/plain) in CBT.V508.FILE560.PDS, moved to PDS/RBEXPAND
2025-04-04 11:47:34.422811 - Found RCVRPDS.jcl (text/plain) in CBT.V508.FILE560.PDS, moved to PDS/RCVRPDS
2025-04-04 11:47:34.422945 - Found RCVRVPDS.jcl (text/plain) in CBT.V508.FILE560.PDS, moved to PDS/RCVRVPDS
2025-04-04 11:47:34.423123 - Found RDVSMSEQ.jcl (text/plain) in CBT.V508.FILE560.PDS, moved to PDS/RDVSMSEQ
2025-04-04 11:47:34.423264 - Found REFORMAT.jcl (text/plain) in CBT.V508.FILE560.PDS, moved to PDS/REFORMAT
2025-04-04 11:47:34.423393 - Found RELINK.jcl (text/plain) in CBT.V508.FILE560.PDS, moved to PDS/RELINK
2025-04-04 11:47:34.423542 - Found RELINKA.jcl (text/plain) in CBT.V508.FILE560.PDS, moved to PDS/RELINKA
2025-04-04 11:47:34.423673 - Found RELINKA2.jcl (text/plain) in CBT.V508.FILE560.PDS, moved to PDS/RELINKA2
2025-04-04 11:47:34.423809 - Found RELINKB.jcl (text/plain) in CBT.V508.FILE560.PDS, moved to PDS/RELINKB
2025-04-04 11:47:34.423928 - Found RELINKC.jcl (text/plain) in CBT.V508.FILE560.PDS, moved to PDS/RELINKC
2025-04-04 11:47:34.424052 - Found RELINKD.jcl (text/plain) in CBT.V508.FILE560.PDS, moved to PDS/RELINKD
2025-04-04 11:47:34.424174 - Found RELINK0.jcl (text/plain) in CBT.V508.FILE560.PDS, moved to PDS/RELINK0
2025-04-04 11:47:34.424324 - Found RELNKCEE.jcl (text/plain) in CBT.V508.FILE560.PDS, moved to PDS/RELNKCEE
2025-04-04 11:47:34.424445 - Found RELNKONE.jcl (text/plain) in CBT.V508.FILE560.PDS, moved to PDS/RELNKONE
2025-04-04 11:47:34.424609 - Found RELNK900.jcl (text/plain) in CBT.V508.FILE560.PDS, moved to PDS/RELNK900
2025-04-04 11:47:34.424801 - Found RELNK901.jcl (text/plain) in CBT.V508.FILE560.PDS, moved to PDS/RELNK901
2025-04-04 11:47:34.424994 - Found RENSCR.jcl (text/plain) in CBT.V508.FILE560.PDS, moved to PDS/RENSCR
2025-04-04 11:47:34.425153 - Found RESCHECK.jcl (text/plain) in CBT.V508.FILE560.PDS, moved to PDS/RESCHECK
2025-04-04 11:47:34.425312 - Found RESOURCE.jcl (text/plain) in CBT.V508.FILE560.PDS, moved to PDS/RESOURCE
2025-04-04 11:47:34.425588 - Found RESOURXP.jcl (text/plain) in CBT.V508.FILE560.PDS, moved to PDS/RESOURXP
2025-04-04 11:47:34.425767 - Found RMODE31.jcl (text/plain) in CBT.V508.FILE560.PDS, moved to PDS/RMODE31
2025-04-04 11:47:34.425933 - Found RUNTESTS.jcl (text/plain) in CBT.V508.FILE560.PDS, moved to PDS/RUNTESTS
2025-04-04 11:47:34.426143 - Found SAVEPDSS.jcl (text/plain) in CBT.V508.FILE560.PDS, moved to PDS/SAVEPDSS
2025-04-04 11:47:34.426300 - Found SCANIMS.jcl (text/plain) in CBT.V508.FILE560.PDS, moved to PDS/SCANIMS
2025-04-04 11:47:34.426458 - Found SCANLDM2.jcl (text/plain) in CBT.V508.FILE560.PDS, moved to PDS/SCANLDM2
2025-04-04 11:47:34.426629 - Found SCANLMOD.jcl (text/plain) in CBT.V508.FILE560.PDS, moved to PDS/SCANLMOD
2025-04-04 11:47:34.426992 - Found SCANPROC.txt (text/plain) in CBT.V508.FILE560.PDS, moved to PDS/SCANPROC
2025-04-04 11:47:34.427157 - Found SCANPSVB.jcl (text/plain) in CBT.V508.FILE560.PDS, moved to PDS/SCANPSVB
2025-04-04 11:47:34.427321 - Found SCANTEXM.jcl (text/plain) in CBT.V508.FILE560.PDS, moved to PDS/SCANTEXM
2025-04-04 11:47:34.427497 - Found SCANTEXT.jcl (text/plain) in CBT.V508.FILE560.PDS, moved to PDS/SCANTEXT
2025-04-04 11:47:34.427649 - Found SCANTXT2.jcl (text/plain) in CBT.V508.FILE560.PDS, moved to PDS/SCANTXT2
2025-04-04 11:47:34.428253 - Found SCANTXT3.jcl (text/plain) in CBT.V508.FILE560.PDS, moved to PDS/SCANTXT3
2025-04-04 11:47:34.428464 - Found SCANVBL2.jcl (text/plain) in CBT.V508.FILE560.PDS, moved to PDS/SCANVBL2
2025-04-04 11:47:34.428650 - Found SCANVRBL.jcl (text/plain) in CBT.V508.FILE560.PDS, moved to PDS/SCANVRBL
2025-04-04 11:47:34.428836 - Found SCRATCH.jcl (text/plain) in CBT.V508.FILE560.PDS, moved to PDS/SCRATCH
2025-04-04 11:47:34.429145 - Found SHUFFLE.jcl (text/plain) in CBT.V508.FILE560.PDS, moved to PDS/SHUFFLE
2025-04-04 11:47:34.429327 - Found SMFABNDS.jcl (text/plain) in CBT.V508.FILE560.PDS, moved to PDS/SMFABNDS
2025-04-04 11:47:34.429475 - Found SMFCOUNT.jcl (text/plain) in CBT.V508.FILE560.PDS, moved to PDS/SMFCOUNT
2025-04-04 11:47:34.429649 - Found SMFDEFIN.jcl (text/plain) in CBT.V508.FILE560.PDS, moved to PDS/SMFDEFIN
2025-04-04 11:47:34.429842 - Found SMFDSNAM.jcl (text/plain) in CBT.V508.FILE560.PDS, moved to PDS/SMFDSNAM
2025-04-04 11:47:34.430062 - Found SMFDSNM1.jcl (text/plain) in CBT.V508.FILE560.PDS, moved to PDS/SMFDSNM1
2025-04-04 11:47:34.430228 - Found SMFDSNM2.jcl (text/plain) in CBT.V508.FILE560.PDS, moved to PDS/SMFDSNM2
2025-04-04 11:47:34.430372 - Found SMFDSNV1.jcl (text/plain) in CBT.V508.FILE560.PDS, moved to PDS/SMFDSNV1
2025-04-04 11:47:34.430532 - Found SMFPGMS.jcl (text/plain) in CBT.V508.FILE560.PDS, moved to PDS/SMFPGMS
2025-04-04 11:47:34.430651 - Found SMFREAD.jcl (text/plain) in CBT.V508.FILE560.PDS, moved to PDS/SMFREAD
2025-04-04 11:47:34.430838 - Found SMFSTEPT.jcl (text/plain) in CBT.V508.FILE560.PDS, moved to PDS/SMFSTEPT
2025-04-04 11:47:34.431002 - Found SMFSTEP1.jcl (text/plain) in CBT.V508.FILE560.PDS, moved to PDS/SMFSTEP1
2025-04-04 11:47:34.431211 - Found SMFSTRIP.jcl (text/plain) in CBT.V508.FILE560.PDS, moved to PDS/SMFSTRIP
2025-04-04 11:47:34.431371 - Found SMFSTR14.jcl (text/plain) in CBT.V508.FILE560.PDS, moved to PDS/SMFSTR14
2025-04-04 11:47:34.431513 - Found SMFSTR30.jcl (text/plain) in CBT.V508.FILE560.PDS, moved to PDS/SMFSTR30
2025-04-04 11:47:34.431660 - Found SMPEAPCK.jcl (text/plain) in CBT.V508.FILE560.PDS, moved to PDS/SMPEAPCK
2025-04-04 11:47:34.431803 - Found SMPEAPLY.jcl (text/plain) in CBT.V508.FILE560.PDS, moved to PDS/SMPEAPLY
2025-04-04 11:47:34.431937 - Found SMPELIST.jcl (text/plain) in CBT.V508.FILE560.PDS, moved to PDS/SMPELIST
2025-04-04 11:47:34.432102 - Found SMPELST2.jcl (text/plain) in CBT.V508.FILE560.PDS, moved to PDS/SMPELST2
2025-04-04 11:47:34.432229 - Found SMPENDVR.jcl (text/plain) in CBT.V508.FILE560.PDS, moved to PDS/SMPENDVR
2025-04-04 11:47:34.432366 - Found SMPERCV.jcl (text/plain) in CBT.V508.FILE560.PDS, moved to PDS/SMPERCV
2025-04-04 11:47:34.432506 - Found SMPERECV.jcl (text/plain) in CBT.V508.FILE560.PDS, moved to PDS/SMPERECV
2025-04-04 11:47:34.432637 - Found SMPEREJ.jcl (text/plain) in CBT.V508.FILE560.PDS, moved to PDS/SMPEREJ
2025-04-04 11:47:34.432762 - Found SMPERSTR.jcl (text/plain) in CBT.V508.FILE560.PDS, moved to PDS/SMPERSTR
2025-04-04 11:47:34.432906 - Found SMPLEMVS.jcl (text/plain) in CBT.V508.FILE560.PDS, moved to PDS/SMPLEMVS
2025-04-04 11:47:34.433064 - Found SMPLIST.jcl (text/plain) in CBT.V508.FILE560.PDS, moved to PDS/SMPLIST
2025-04-04 11:47:34.433209 - Found SMPLIST2.jcl (text/plain) in CBT.V508.FILE560.PDS, moved to PDS/SMPLIST2
2025-04-04 11:47:34.433367 - Found SMPXTRQQ.jcl (text/plain) in CBT.V508.FILE560.PDS, moved to PDS/SMPXTRQQ
2025-04-04 11:47:34.433591 - Found SMPXTR6F.jcl (text/plain) in CBT.V508.FILE560.PDS, moved to PDS/SMPXTR6F
2025-04-04 11:47:34.433749 - Found SMRCOPY.jcl (text/plain) in CBT.V508.FILE560.PDS, moved to PDS/SMRCOPY
2025-04-04 11:47:34.433917 - Found SORT.jcl (text/plain) in CBT.V508.FILE560.PDS, moved to PDS/SORT
2025-04-04 11:47:34.434054 - Found SRCH314.jcl (text/plain) in CBT.V508.FILE560.PDS, moved to PDS/SRCH314
2025-04-04 11:47:34.434180 - Found SRTSVC99.jcl (text/plain) in CBT.V508.FILE560.PDS, moved to PDS/SRTSVC99
2025-04-04 11:47:34.434310 - Found SSCVTXPN.jcl (text/plain) in CBT.V508.FILE560.PDS, moved to PDS/SSCVTXPN
2025-04-04 11:47:34.434796 - Found SSVTXPND.jcl (text/plain) in CBT.V508.FILE560.PDS, moved to PDS/SSVTXPND
2025-04-04 11:47:34.434935 - Found STREK1.jcl (text/plain) in CBT.V508.FILE560.PDS, moved to PDS/STREK1
2025-04-04 11:47:34.435073 - Found STREK2.jcl (text/plain) in CBT.V508.FILE560.PDS, moved to PDS/STREK2
2025-04-04 11:47:34.435225 - Found STRIP.jcl (text/plain) in CBT.V508.FILE560.PDS, moved to PDS/STRIP
2025-04-04 11:47:34.435511 - Found STRIPEDG.jcl (text/plain) in CBT.V508.FILE560.PDS, moved to PDS/STRIPEDG
2025-04-04 11:47:34.435684 - Found STRIPLID.jcl (text/plain) in CBT.V508.FILE560.PDS, moved to PDS/STRIPLID
2025-04-04 11:47:34.435893 - Found STROBE.jcl (text/plain) in CBT.V508.FILE560.PDS, moved to PDS/STROBE
2025-04-04 11:47:34.436063 - Found STROBPRF.jcl (text/plain) in CBT.V508.FILE560.PDS, moved to PDS/STROBPRF
2025-04-04 11:47:34.436189 - Found SUBCCMPL.jcl (text/plain) in CBT.V508.FILE560.PDS, moved to PDS/SUBCCMPL
2025-04-04 11:47:34.436319 - Found SUPERCE.jcl (text/plain) in CBT.V508.FILE560.PDS, moved to PDS/SUPERCE
2025-04-04 11:47:34.436451 - Found SUPERZAP.jcl (text/plain) in CBT.V508.FILE560.PDS, moved to PDS/SUPERZAP
2025-04-04 11:47:34.436580 - Found TAPECOPY.jcl (text/plain) in CBT.V508.FILE560.PDS, moved to PDS/TAPECOPY
2025-04-04 11:47:34.436729 - Found TAPEHEAD.jcl (text/plain) in CBT.V508.FILE560.PDS, moved to PDS/TAPEHEAD
2025-04-04 11:47:34.437001 - Found TAPEMAP.jcl (text/plain) in CBT.V508.FILE560.PDS, moved to PDS/TAPEMAP
2025-04-04 11:47:34.437438 - Found TAPEMULT.jcl (text/plain) in CBT.V508.FILE560.PDS, moved to PDS/TAPEMULT
2025-04-04 11:47:34.437566 - Found TAPESCAN.jcl (text/plain) in CBT.V508.FILE560.PDS, moved to PDS/TAPESCAN
2025-04-04 11:47:34.437726 - Found TAPEVRFY.jcl (text/plain) in CBT.V508.FILE560.PDS, moved to PDS/TAPEVRFY
2025-04-04 11:47:34.437922 - Found TCBEXPND.jcl (text/plain) in CBT.V508.FILE560.PDS, moved to PDS/TCBEXPND
2025-04-04 11:47:34.438080 - Found TCREPRT.jcl (text/plain) in CBT.V508.FILE560.PDS, moved to PDS/TCREPRT
2025-04-04 11:47:34.438208 - Found TIME.jcl (text/plain) in CBT.V508.FILE560.PDS, moved to PDS/TIME
2025-04-04 11:47:34.438357 - Found TIOTXPND.jcl (text/plain) in CBT.V508.FILE560.PDS, moved to PDS/TIOTXPND
2025-04-04 11:47:34.438482 - Found TOUCH.jcl (text/plain) in CBT.V508.FILE560.PDS, moved to PDS/TOUCH
2025-04-04 11:47:34.438602 - Found TRANSFER.jcl (text/plain) in CBT.V508.FILE560.PDS, moved to PDS/TRANSFER
2025-04-04 11:47:34.438714 - Found TRTCH.jcl (text/plain) in CBT.V508.FILE560.PDS, moved to PDS/TRTCH
2025-04-04 11:47:34.438842 - Found UCBEXPND.jcl (text/plain) in CBT.V508.FILE560.PDS, moved to PDS/UCBEXPND
2025-04-04 11:47:34.438999 - Found UCBSCAN.jcl (text/plain) in CBT.V508.FILE560.PDS, moved to PDS/UCBSCAN
2025-04-04 11:47:34.439166 - Found UNIQUE.jcl (text/plain) in CBT.V508.FILE560.PDS, moved to PDS/UNIQUE
2025-04-04 11:47:34.439329 - Found UPDTLMOD.jcl (text/plain) in CBT.V508.FILE560.PDS, moved to PDS/UPDTLMOD
2025-04-04 11:47:34.439444 - Found USECPU.jcl (text/plain) in CBT.V508.FILE560.PDS, moved to PDS/USECPU
2025-04-04 11:47:34.439705 - Found USERABND.jcl (text/plain) in CBT.V508.FILE560.PDS, moved to PDS/USERABND
2025-04-04 11:47:34.439860 - Found VBSCHECK.jcl (text/plain) in CBT.V508.FILE560.PDS, moved to PDS/VBSCHECK
2025-04-04 11:47:34.439980 - Found VOLLIST2.jcl (text/plain) in CBT.V508.FILE560.PDS, moved to PDS/VOLLIST2
2025-04-04 11:47:34.440138 - Found VSAMCRE8.jcl (text/plain) in CBT.V508.FILE560.PDS, moved to PDS/VSAMCRE8
2025-04-04 11:47:34.440276 - Found VSAMDIAG.jcl (text/plain) in CBT.V508.FILE560.PDS, moved to PDS/VSAMDIAG
2025-04-04 11:47:34.440395 - Found VSAMHIST.jcl (text/plain) in CBT.V508.FILE560.PDS, moved to PDS/VSAMHIST
2025-04-04 11:47:34.440526 - Found VSAMRENM.jcl (text/plain) in CBT.V508.FILE560.PDS, moved to PDS/VSAMRENM
2025-04-04 11:47:34.440646 - Found VSAMRPRO.jcl (text/plain) in CBT.V508.FILE560.PDS, moved to PDS/VSAMRPRO
2025-04-04 11:47:34.440774 - Found VSMRSTR.jcl (text/plain) in CBT.V508.FILE560.PDS, moved to PDS/VSMRSTR
2025-04-04 11:47:34.440928 - Found VTOCDATA.jcl (text/plain) in CBT.V508.FILE560.PDS, moved to PDS/VTOCDATA
2025-04-04 11:47:34.441865 - Found VTOCDSVL.jcl (text/plain) in CBT.V508.FILE560.PDS, moved to PDS/VTOCDSVL
2025-04-04 11:47:34.442087 - Found VTOCLIST.jcl (text/plain) in CBT.V508.FILE560.PDS, moved to PDS/VTOCLIST
2025-04-04 11:47:34.442228 - Found VTOCPRNT.jcl (text/plain) in CBT.V508.FILE560.PDS, moved to PDS/VTOCPRNT
2025-04-04 11:47:34.442348 - Found VTOCSORT.jcl (text/plain) in CBT.V508.FILE560.PDS, moved to PDS/VTOCSORT
2025-04-04 11:47:34.442614 - Found VTOCSTRP.jcl (text/plain) in CBT.V508.FILE560.PDS, moved to PDS/VTOCSTRP
2025-04-04 11:47:34.442742 - Found WAIT1.jcl (text/plain) in CBT.V508.FILE560.PDS, moved to PDS/WAIT1
2025-04-04 11:47:34.442890 - Found WAIT2.jcl (text/plain) in CBT.V508.FILE560.PDS, moved to PDS/WAIT2
2025-04-04 11:47:34.443069 - Found WAIT3.jcl (text/plain) in CBT.V508.FILE560.PDS, moved to PDS/WAIT3
2025-04-04 11:47:34.443207 - Found WAIT5MIN.jcl (text/plain) in CBT.V508.FILE560.PDS, moved to PDS/WAIT5MIN
2025-04-04 11:47:34.443329 - Found WHERE.jcl (text/plain) in CBT.V508.FILE560.PDS, moved to PDS/WHERE
2025-04-04 11:47:34.443470 - Found WHEREUSD.jcl (text/plain) in CBT.V508.FILE560.PDS, moved to PDS/WHEREUSD
2025-04-04 11:47:34.443586 - Found WTOREGS.jcl (text/plain) in CBT.V508.FILE560.PDS, moved to PDS/WTOREGS
2025-04-04 11:47:34.443703 - Found WTORTEST.jcl (text/plain) in CBT.V508.FILE560.PDS, moved to PDS/WTORTEST
2025-04-04 11:47:34.443821 - Found XMEM.jcl (text/plain) in CBT.V508.FILE560.PDS, moved to PDS/XMEM
2025-04-04 11:47:34.443936 - Found XPEDUNLD.jcl (text/plain) in CBT.V508.FILE560.PDS, moved to PDS/XPEDUNLD
2025-04-04 11:47:34.444072 - Found XPEDZAP.jcl (text/plain) in CBT.V508.FILE560.PDS, moved to PDS/XPEDZAP
2025-04-04 11:47:34.444191 - Found XP66COBV.jcl (text/plain) in CBT.V508.FILE560.PDS, moved to PDS/XP66COBV
2025-04-04 11:47:34.444323 - Found XP66COB2.jcl (text/plain) in CBT.V508.FILE560.PDS, moved to PDS/XP66COB2
2025-04-04 11:47:34.444437 - Found XTEXPAND.jcl (text/plain) in CBT.V508.FILE560.PDS, moved to PDS/XTEXPAND
2025-04-04 11:47:34.444551 - Found ZAP.jcl (text/plain) in CBT.V508.FILE560.PDS, moved to PDS/ZAP
2025-04-04 11:47:34.444665 - Found ZAPDSCB.jcl (text/plain) in CBT.V508.FILE560.PDS, moved to PDS/ZAPDSCB
2025-04-04 11:47:34.444778 - Found ZAPDUMP.jcl (text/plain) in CBT.V508.FILE560.PDS, moved to PDS/ZAPDUMP
2025-04-04 11:47:34.444900 - Found ZAPRP001.jcl (text/plain) in CBT.V508.FILE560.PDS, moved to PDS/ZAPRP001
2025-04-04 11:47:34.445016 - Found ZAP900.txt (text/plain) in CBT.V508.FILE560.PDS, moved to PDS/ZAP900
2025-04-04 11:47:34.445132 - Found ZIPPDS.jcl (text/plain) in CBT.V508.FILE560.PDS, moved to PDS/ZIPPDS
2025-04-04 11:47:34.445257 - Found ZIPSEQ.jcl (text/plain) in CBT.V508.FILE560.PDS, moved to PDS/ZIPSEQ
2025-04-04 11:47:34.445393 - Found ZIPSHOW.jcl (text/plain) in CBT.V508.FILE560.PDS, moved to PDS/ZIPSHOW
